Build started 20/Sep/2016 5:16:37 PM.
     1>Project "C:\Users\100425280\Desktop\RudeGLUTEngine\RudeEngine\RudeEngine.vcxproj" on node 2 (Build target(s)).
     1>ClCompile:
         C:\Program Files (x86)\Microsoft Visual Studio 12.0\VC\bin\CL.exe /c /I./include /Zi /nologo /W3 /WX- /sdl /O2 /Oi /Oy- /GL /D _MBCS /Gm- /EHsc /MD /GS /Gy /fp:precise /Zc:wchar_t /Zc:forScope /Fo"Release\\" /Fd"Release\vc120.pdb" /Gd /TP /analyze- /errorReport:prompt Game.cpp
         Game.cpp
         GLM: perspective function taking degrees as a parameter is deprecated. #define GLM_FORCE_RADIANS before including GLM headers to remove this message.
       Link:
         C:\Program Files (x86)\Microsoft Visual Studio 12.0\VC\bin\link.exe /ERRORREPORT:PROMPT /OUT:"C:\Users\100425280\Desktop\RudeGLUTEngine\Release\RudeEngine.exe" /NOLOGO /LIBPATH:C:\Users\100425280\Desktop\RudeGLUTEngine\RudeEngine\/lib/ freeglut.lib freetype255.lib SOIL_ext.lib glew32.lib kernel32.lib user32.lib gdi32.lib winspool.lib comdlg32.lib advapi32.lib shell32.lib ole32.lib oleaut32.lib uuid.lib odbc32.lib odbccp32.lib /MANIFEST /MANIFESTUAC:"level='asInvoker' uiAccess='false'" /manifest:embed /DEBUG /PDB:"C:\Users\100425280\Desktop\RudeGLUTEngine\Release\RudeEngine.pdb" /OPT:REF /OPT:ICF /LTCG /TLBID:1 /DYNAMICBASE /NXCOMPAT /IMPLIB:"C:\Users\100425280\Desktop\RudeGLUTEngine\Release\RudeEngine.lib" /MACHINE:X86 /SAFESEH Release\Entity.obj
         Release\Game.obj
         Release\main.obj
         Release\Mesh.obj
         Release\Objloader.obj
         Release\Scene.obj
         Release\ShaderProgram.obj
         Release\Text.obj
         Release\Texture.obj
         Release\Timer.obj
         Release\Utilities.obj
     1>LINK : warning LNK4098: defaultlib 'MSVCRTD' conflicts with use of other libs; use /NODEFAULTLIB:library
         Generating code
         Finished generating code
         RudeEngine.vcxproj -> C:\Users\100425280\Desktop\RudeGLUTEngine\Release\RudeEngine.exe
     1>Done Building Project "C:\Users\100425280\Desktop\RudeGLUTEngine\RudeEngine\RudeEngine.vcxproj" (Build target(s)).

Build succeeded.

Time Elapsed 00:00:01.92
